0:100  0:100  MemLog inited, TSC freq: 2907121560
0:100  0:000  CPU was calibrated with RTC
0:100  0:000  
0:100  0:000  Now is 7.10.2019,  23:2:10 (GMT)
0:100  0:000  Starting Clover revision: 5070 on Phoenix Technologies Ltd. EFI
0:100  0:000  Build with: [Args: -D NO_GRUB_DRIVERS_EMBEDDED | -D NO_GRUB_DRIVERS_EMBEDDED -D USE_LOW_EBDA -a X64 -b RELEASE -t XCODE8 -n 5 | OS: 10.14.6 | XCODE: 10.3]
0:100  0:000  SelfDevicePath=PciRoot(0x0)\Pci(0x17,0x0)\Sata(0x2,0x0,0x0)\HD(1,GPT,EC45FD42-811F-45B5-B34E-434B838616C6,0x28,0x64000) @B6FE6C18
0:100  0:000  SelfDirPath = \EFI\BOOT
0:102  0:002  SimpleTextEx Status=Success
0:102  0:000  === [ Get Smbios ] ========================================
0:102  0:000  Type 16 Index = 0
0:102  0:000  Total Memory Slots Count = 2
0:102  0:000  Type 17 Index = 0
0:102  0:000  SmbiosTable.Type17->Speed = 2133MHz
0:102  0:000  SmbiosTable.Type17->Size = 4096MB
0:102  0:000  SmbiosTable.Type17->Bank/Device = BANK 0 ChannelA-DIMM0
0:102  0:000  SmbiosTable.Type17->Vendor = 4154
0:102  0:000  SmbiosTable.Type17->SerialNumber = 32363448
0:102  0:000  SmbiosTable.Type17->PartNumber = Z-2G3B1   1€,B      
0:102  0:000  Type 17 Index = 1
0:102  0:000  SmbiosTable.Type17->Speed = 2133MHz
0:102  0:000  SmbiosTable.Type17->Size = 4096MB
0:102  0:000  SmbiosTable.Type17->Bank/Device = BANK 2 ChannelB-DIMM0
0:102  0:000  SmbiosTable.Type17->Vendor = 0194
0:102  0:000  SmbiosTable.Type17->SerialNumber = 014B37BE
0:102  0:000  SmbiosTable.Type17->PartNumber = SF464128CKHIWDFSEG  
0:102  0:000  Boot status=0
0:102  0:000  Running on: '80V8' with board 'Viking V310 KBL'
0:102  0:000  === [ GetCPUProperties ] ==================================
0:102  0:000  CPU Vendor = 756E6547 Model=806E9
0:102  0:000   The CPU supported SSE4.1
0:102  0:000  BrandString = Intel(R) Core(TM) i7-7500U CPU @ 2.70GHz
0:102  0:000   The CPU supported turbo
0:102  0:000  MSR 0x35               20004
0:102  0:000   TSC/CCC Information Leaf:
0:102  0:000    numerator     : 242
0:102  0:000    denominator   : 2
0:102  0:000   Calibrated ARTFrequency: 24025798
0:102  0:000   Rounded ARTFrequency: 24100000
0:102  0:000  MSR 0xE2 before patch 5E008008
0:102  0:000  MSR 0xE2 is locked, PM patches will be turned on
0:102  0:000  MSR 0xCE              0004043D_F1011D00
0:102  0:000  corrected FLEX_RATIO = 0
0:102  0:000  MSR 0x1B0             00000000
0:102  0:000  FSBFrequency = 90 MHz, DMI FSBFrequency = 100 MHz, Corrected FSBFrequency = 100 MHz
0:102  0:000  MaxDiv/MinDiv: 29.0/4
0:102  0:000  Turbo: 35/35/35/35
0:102  0:000  Features: 0xBFEBFBFF
0:102  0:000  Threads: 4
0:102  0:000  Cores: 2
0:102  0:000  FSB: 100 MHz
0:102  0:000  CPU: 2600 MHz
0:102  0:000  TSC: 2600 MHz
0:102  0:000  PIS: 100 MHz
0:102  0:000  ExternalClock: 25 MHz
0:102  0:000  === [ GetDevices ] ========================================
0:102  0:000  GOP found at: PciRoot(0x0)/Pci(0x2,0x0)/AcpiAdr(0x80010100)
0:102  0:000  PCI (00|00:00.00) : 8086 5904 class=060000
0:102  0:000  PCI (00|00:02.00) : 8086 5916 class=030000
0:102  0:000   - GOP: Provided by device
0:102  0:000   - GFX: Model=Intel HD Graphics 620 (Intel)
0:102  0:000  PCI (00|00:14.00) : 8086 9D2F class=0C0330
0:102  0:000  PCI (00|00:14.02) : 8086 9D31 class=118000
0:102  0:000  PCI (00|00:15.01) : 8086 9D61 class=118000
0:102  0:000  PCI (00|00:16.00) : 8086 9D3A class=078000
0:102  0:000  PCI (00|00:17.00) : 8086 9D03 class=010601
0:102  0:000  PCI (00|00:1C.00) : 8086 9D10 class=060400
0:102  0:000  PCI (00|00:1C.04) : 8086 9D14 class=060400
0:102  0:000  PCI (00|02:00.00) : 10EC 8168 class=020000
0:102  0:000   - LAN: 0 Vendor=Realtek
0:102  0:000  PCI (00|00:1C.05) : 8086 9D15 class=060400
0:102  0:000  PCI (00|03:00.00) : 168C 0042 class=028000
0:102  0:000   - WIFI: Vendor=Atheros
0:102  0:000  PCI (00|00:1F.00) : 8086 9D58 class=060100
0:102  0:000  PCI (00|00:1F.02) : 8086 9D21 class=058000
0:102  0:000  PCI (00|00:1F.03) : 8086 9D71 class=040300
0:102  0:000  PCI (00|00:1F.04) : 8086 9D23 class=0C0500
0:102  0:000  === [ GetDefaultSettings ] ================================
0:103  0:000  Clover load options size = 0 bytes
0:108  0:005  EFI\CLOVER\config.plist loaded: Success
0:108  0:000  === [ GetListOfThemes ] ===================================
0:109  0:000  === [ Found config plists ] ===============================
0:109  0:000  - config2.plist
0:109  0:000  - config.plist
0:109  0:000  === [ GetEarlyUserSettings ] ==============================
0:109  0:000  timeout set to 10
0:109  0:000  Custom boot CUSTOM_BOOT_DISABLED (0x0)
0:109  0:000  KextsToPatch: 13 requested
0:109  0:000   - [00]: com.apple.driver.AppleAHCIPort (External icons patch) :: MatchOS: 10.13.x,10.14.x :: BinPatch :: data len: 8
0:109  0:000   - [01]: com.apple.iokit.IOUSBHostFamily (USB Port Limit Patch 1 Â©PMHeart) :: MatchOS: 10.14.4 :: BinPatch :: data len: 9
0:109  0:000   - [02]: com.apple.driver.usb.AppleUSBXHCI (USB Porï»¿t Limit Patch 2 Â©PMHeartï»¿) :: MatchOS: 10.14.4 :: BinPatch :: data len: 10
0:109  0:000   - [03]: com.apple.iokit.IOUSBHostFamily (USB Port Limit Patch 3 Â©Pï»¿MHeartï»¿ï»¿) :: MatchOS: 10.14.4 :: BinPatch :: data len: 8
0:109  0:000   - [04]: com.apple.driver.AppleMikeyDriver (MikeyDriver Patch Assertions) :: MatchOS: 10.13.x,10.14.x :: BinPatch :: data len: 16
0:109  0:000   - [05]: com.apple.iokit.IOUSBHostFamily (USB Port Limit Patch 1 Â©ydeng) :: MatchOS: 10.14.3 :: BinPatch :: data len: 8
0:109  0:000   - [06]: com.apple.driver.usb.AppleUSBXHCI (USB Port Limit Patch 2 Â©ydeng) :: MatchOS: 10.14.3 :: BinPatch :: data len: 9
0:109  0:000   - [07]: com.appï»¿le.iokit.IOUSBHostFamilyï»¿ï»¿ (USB Port Limit Patch ï»¿3 Â©ydengï»¿) :: MatchOS: 10.14.3 :: BinPatch :: data len: 8
0:109  0:000   - [08]: com.apple.driver.AppleGraphicsDevicePolicy (Prevent AGDP from loading) :: MatchOS: 10.13.x,10.14.x :: BinPatch :: data len: 5
0:109  0:000   - [09]: com.apple.driver.AppleIntelLpssI2C (Prevent Apple I2C kexts from attaching to I2C controllers) :: MatchOS: 10.13.x,10.14.x :: BinPatch :: data len: 8
0:109  0:000   - patch disabled at config
0:109  0:000   - [10]: com.apple.driver.AppleIntelLpssI2CController (Prevent Apple I2C kexts from attaching to I2C controllers) :: MatchOS: 10.13.x,10.14.x :: BinPatch :: data len: 8
0:109  0:000   - patch disabled at config
0:109  0:000   - [11]: com.apple.driver.usb.AppleUSBXHCI (USB 10.13.6 by PMHeart) :: MatchOS: 10.13.6 :: BinPatch :: data len: 10
0:109  0:000   - [12]: com.apple.driver.AppleHDA (AppleHDA Patch Assertions) :: MatchOS: 10.13.x,10.14.x :: BinPatch :: data len: 16
0:109  0:000  KernelToPatch: 2 requested
0:109  0:000   - [00]: Disable panic kext logging on 10.14 Release kernel :: MatchOS: 10.14.x :: data len: 6
0:109  0:000   - [01]: Disable panic kext logging on 10.13 Release kernel :: MatchOS: 10.13.x :: data len: 6
0:109  0:000  Default theme: Olarila
0:109  0:000  === [ LoadDrivers ] =======================================
0:111  0:001  Loading ApfsDriverLoader-64.efi  status=Success
0:113  0:001   - driver needs connecting
0:113  0:000  Loading AppleImageLoader-64.efi  status=Success
0:114  0:001  Loading AptioMemoryFix-64.efi  status=Success
0:116  0:001  Loading DataHubDxe-64.efi  status=Success
0:122  0:006  Loading FSInject-64.efi  status=Success
0:123  0:000  Loading HFSPlus-64.efi  status=Success
0:123  0:000   - driver needs connecting
0:123  0:000  Loading NTFS.efi  status=Success
0:125  0:001   - driver needs connecting
0:125  0:000  Loading NvmExpressDxe-64.efi  status=Success
0:125  0:000   - driver needs connecting
0:125  0:000  Loading PartitionDxe-64.efi  status=Success
0:126  0:000   - driver needs connecting
0:126  0:000  5 drivers needs connecting ...
0:126  0:000  PlatformDriverOverrideProtocol->GetDriver overriden
0:126  0:000  Partition driver loaded: 
0:126  0:000  HFS+ driver loaded
0:126  0:000  APFS driver loaded
0:126  0:000  Searching for invalid DiskIo BY_DRIVER connects: not found, all ok
0:635  0:509  === [ InitScreen ] ========================================
0:635  0:000  Console modes reported: 5, available modes:
0:635  0:000   - [01]: 80x25
0:635  0:000   - [03]: 128x40
0:635  0:000   - [04]: 100x31
0:635  0:000   - [05]: 170x40 (current mode)
0:635  0:000  SetMaxResolution: found best mode 3: 1366x768
0:635  0:000   - already set
0:635  0:000  SetScreenResolution: 1366x768 - already set
0:635  0:000  reinit: self device path=PciRoot(0x0)\Pci(0x17,0x0)\Sata(0x2,0x0,0x0)\HD(1,GPT,EC45FD42-811F-45B5-B34E-434B838616C6,0x28,0x64000)
0:637  0:001  Using embedded font: Success
0:638  0:000  === [ GetMacAddress ] =====================================
0:638  0:000  MAC address of LAN #0= 64:1C:67:85:EC:2F:
0:638  0:000  MAC address of LAN #1= 64:1C:67:85:EC:2F:
0:638  0:000  MAC address of LAN #2= 64:1C:67:85:EC:2F:
0:638  0:000  MAC address of LAN #3= 64:1C:67:85:EC:2F:
0:638  0:000  === [ ScanSPD ] ===========================================
0:638  0:000  Scanning SMBus [8086:9D23], mmio: 0xD132E004, ioport: 0xEFA0, hostc: 0x11
0:681  0:042  === [ GetAcpiTablesList ] =================================
0:681  0:000  Get Acpi Tables List from RSDT:
0:681  0:000   - [00]: FACP  CB-01    len=268
0:681  0:000   - [01]: SSDT  Tpm2Tabl len=1219
0:681  0:000   - [02]: SSDT  MeSsdt  len=70
0:681  0:000   - [03]: TPM2  CB-01    len=52
0:681  0:000   - [04]: UEFI  CB-01    len=66
0:681  0:000   - [05]: SSDT  SaSsdt  len=14225
0:681  0:000   - [06]: SSDT  PerfTune len=1462
0:681  0:000   - [07]: HPET  CB-01    len=56
0:681  0:000   - [08]: APIC  CB-01    len=188
0:681  0:000   - [09]: MCFG  CB-01    len=60
0:681  0:000   - [10]: SSDT  Sata0Ide len=444
0:681  0:000   - [11]: SSDT  xh_rvp07 len=2136
0:681  0:000   - [12]: BOOT  CB-01    len=40
0:681  0:000   - [13]: BATB  CB-01    len=74
0:681  0:000   - [14]: SSDT  CpuSsdt len=3806
0:681  0:000   - [15]: SSDT  UsbCTabl len=4272
0:681  0:000   - [16]: LPIT  CB-01    len=148
0:681  0:000   - [17]: WSMT  CB-01    len=40
0:681  0:000   - [18]: SSDT  HdaDsp len=321
0:681  0:000   - [19]: SSDT  sensrhub len=671
0:681  0:000   - [20]: SSDT  EInkApp len=838
0:681  0:000   - [21]: SSDT  PtidDevc len=12290
0:681  0:000   - [22]: SSDT  TbtTypeC len=1303
0:681  0:000   - [23]: DBGP  CB-01    len=52
0:681  0:000   - [24]: DBG2  CB-01    len=84
0:681  0:000   - [25]: MSDM  CB-01    len=85
0:681  0:000   - [26]: SLIC  CB-01    len=374
0:681  0:000   - [27]: SSDT  UsbIKTbl len=2329
0:681  0:000   - [28]: ASF!  CB-01    len=160
0:681  0:000   - [29]: FPDT  CB-01    len=100
0:681  0:000   - [30]: BGRT  CB-01    len=56
0:681  0:000   - [31]: UEFI  CB-01    len=418
0:681  0:000  Calibrated TSC Frequency = 2907121560 = 2907MHz
0:681  0:000  === [ GetUserSettings ] ===================================
0:681  0:000  USB FixOwnership: yes
0:681  0:000  Dropping 1 tables:
0:681  0:000   - [00]: Drop table  signature="DMAR" (52414D44)
0:681  0:000           - set table: 52414D44,                0 to drop: no
0:681  0:000   - final DSDT Fix mask=10060054
0:681  0:000  PatchesDSDT: 7 requested
0:681  0:000   - [00]: (change EHC1 to EH01) lenToFind: 4, lenToReplace: 4, Target Bridge: <null string>
0:681  0:000   - [01]: (change EHC2 to EH02) lenToFind: 4, lenToReplace: 4, Target Bridge: <null string>
0:681  0:000   - [02]: (change EUSB to EH01) lenToFind: 4, lenToReplace: 4, Target Bridge: <null string>
0:681  0:000   - [03]: (change USBE to EH02) lenToFind: 4, lenToReplace: 4, Target Bridge: <null string>
0:681  0:000   - [04]: (change GFX0 to IGPU) lenToFind: 4, lenToReplace: 4, Target Bridge: <null string>
0:681  0:000   - [05]: (change HECI to IMEI) lenToFind: 4, lenToReplace: 4, Target Bridge: <null string>
0:681  0:000   - [06]: (change SAT0 to SATA) lenToFind: 4, lenToReplace: 4, Target Bridge: <null string>
0:681  0:000  smartUPS: present
0:681  0:000  Using ProductName from clover: MacBookPro14,1
0:681  0:000  BiosVersion: not set, Using BiosVersion from clover
0:681  0:000  BiosVersion: MBP141.88Z.F000.B00.1906171613
0:681  0:000  BiosReleaseDate: 06/17/2019
0:681  0:000  Using EfiVersion from clover: 198.0.0.0.0
0:681  0:000  Using FirmwareFeatures from clover: 0xFC0FE137
0:681  0:000  Using FirmwareFeaturesMask from clover: 0xFF1FFF3F
0:681  0:000  Using PlatformFeature from clover: 0x1A
0:681  0:000  === [ Found DSDT tables ] =================================
0:799  0:117  === [ ScanVolumes ] =======================================
0:799  0:000  Found 12 volumes with blockIO
0:799  0:000  - [00]: Volume: PciRoot(0x0)\Pci(0x17,0x0)\Sata(0x1,0x0,0x0)
0:799  0:000          Result of bootcode detection: bootable unknown (legacy)
0:799  0:000  - [01]: Volume: PciRoot(0x0)\Pci(0x17,0x0)\Sata(0x2,0x0,0x0)
0:800  0:000  - [02]: Volume: PciRoot(0x0)\Pci(0x17,0x0)\Sata(0x2,0x0,0x0)\HD(1,GPT,EC45FD42-811F-45B5-B34E-434B838616C6,0x28,0x64000)
0:800  0:000          Result of bootcode detection: bootable unknown (legacy)
0:801  0:000          This is SelfVolume !!
0:801  0:000  - [03]: Volume: PciRoot(0x0)\Pci(0x17,0x0)\Sata(0x2,0x0,0x0)\HD(2,GPT,D55935D6-8701-4D68-AE5F-7E570D9705B3,0x64028,0x1BE83FB0)
0:801  0:000          Result of bootcode detection: bootable unknown (legacy)
0:801  0:000  - [04]: Volume: PciRoot(0x0)\Pci(0x17,0x0)\Sata(0x2,0x0,0x0)\HD(3,GPT,36EE34BF-29F9-4444-BD2F-3C7680C1C8C4,0x1BEE7FD8,0x40000)
0:801  0:000  - [05]: Volume: PciRoot(0x0)\Pci(0x17,0x0)\Sata(0x1,0x0,0x0)\HD(1,MBR,0x7AD2BFCB,0x800,0x4FB62FC4)
0:801  0:000  - [06]: Volume: PciRoot(0x0)\Pci(0x17,0x0)\Sata(0x1,0x0,0x0)\HD(2,MBR,0x7AD2BFCB,0x4FB637C4,0x249F103C)
0:801  0:000  - [07]: Volume: PciRoot(0x0)\Pci(0x17,0x0)\Sata(0x1,0x0,0x0)\HD(2,MBR,0x7AD2BFCB,0x4FB637C4,0x249F103C)\HD(1,MBR,0x00000000,0x4FB65000,0x249EF800)
0:802  0:000  - [08]: Volume: PciRoot(0x0)\Pci(0x17,0x0)\Sata(0x2,0x0,0x0)\HD(2,GPT,D55935D6-8701-4D68-AE5F-7E570D9705B3,0x64028,0x1BE83FB0)\VenMedia(BE74FCF7-0B7C-49F3-9147-01F4042E6842,4A2BB9910E9ADA4697B7FE98EC8547AF)
0:802  0:000  - [09]: Volume: PciRoot(0x0)\Pci(0x17,0x0)\Sata(0x2,0x0,0x0)\HD(2,GPT,D55935D6-8701-4D68-AE5F-7E570D9705B3,0x64028,0x1BE83FB0)\VenMedia(BE74FCF7-0B7C-49F3-9147-01F4042E6842,8E515801081D05329E10E8B605F034A0)
0:802  0:000  - [10]: Volume: PciRoot(0x0)\Pci(0x17,0x0)\Sata(0x2,0x0,0x0)\HD(2,GPT,D55935D6-8701-4D68-AE5F-7E570D9705B3,0x64028,0x1BE83FB0)\VenMedia(BE74FCF7-0B7C-49F3-9147-01F4042E6842,17C62A7D6522F74D8B1A53F8EF31C017)
0:802  0:000  - [11]: Volume: PciRoot(0x0)\Pci(0x17,0x0)\Sata(0x2,0x0,0x0)\HD(2,GPT,D55935D6-8701-4D68-AE5F-7E570D9705B3,0x64028,0x1BE83FB0)\VenMedia(BE74FCF7-0B7C-49F3-9147-01F4042E6842,CADA43CA7FE1494A919AA6B2260D51DB)
0:802  0:000  No AudioIoProtocols, status=Not Found
0:802  0:000  === [ InitTheme ] =========================================
0:802  0:000  use night theme
0:802  0:000   using embedded theme
0:802  0:000  got embedded sound
0:802  0:000    Channels: 2  Sample rate: 8000 Hz  Bits: 16
0:802  0:000  output to channel 0 with volume 70, len=25600
0:802  0:000   sound channels=2 bits=16 freq=8000
0:802  0:000  sound converted to 48kHz
0:802  0:000  not found AudioIo to play
0:802  0:000  sound play end with status=Not Found
0:803  0:000  Using embedded font: Success
0:803  0:000  theme inited
0:803  0:000  Chosen embedded theme
0:804  0:000  after NVRAM boot-args=npci=0x2000 dart=0 debug=0x100 -no_compat_check -v
0:804  0:000  === [ Dump SMC keys from NVRAM ] ==========================
0:804  0:000  no AppleSMC protocol
0:859  0:055  === [ ScanLoader ] ========================================
0:859  0:000  - [02]: 'EFI'
0:861  0:001          AddLoaderEntry for Volume Name=EFI
0:861  0:000          skipped because entry is hidden
0:861  0:000  - [04]: 'Boot OS X'
0:862  0:000  - [07]: 'PARTICAO'
0:862  0:000  - [08]: 'Preboot'
0:863  0:001          AddLoaderEntry for Volume Name=Preboot
0:865  0:001      hibernated: set as never
0:866  0:000          AddLoaderEntry for Volume Name=Preboot
0:867  0:001  - [09]: 'MacOS'
0:881  0:013          AddLoaderEntry for Volume Name=MacOS
0:883  0:002      hibernated: set as never
1:361  0:477          AddLoaderEntry for Volume Name=MacOS
1:361  0:000          skipped because entry is hidden
1:361  0:000  - [10]: 'Recovery'
1:361  0:000          AddLoaderEntry for Volume Name=Recovery
1:364  0:002  - [11]: 'VM'
1:364  0:000  Scanning legacy ...
1:364  0:000  === [ AddCustomTool ] =====================================
1:365  0:000  found tool \EFI\CLOVER\tools\Shell64U.efi
1:365  0:000  Checking EFI partition Volume 2 for Clover
1:365  0:000   Found Clover
1:366  0:000  === [ GetEfiBootDeviceFromNvram ] =========================
1:367  0:000   - efi-boot-device-data: PciRoot(0x0)\Pci(0x17,0x0)\Sata(0x2,0x0,0x0)\HD(2,GPT,D55935D6-8701-4D68-AE5F-7E570D9705B3,0x64028,0x1BE83FB0)\VenMedia(BE74FCF7-0B7C-49F3-9147-01F4042E6842,8E515801081D05329E10E8B605F034A0)
1:367  0:000    - Volume: 'PciRoot(0x0)\Pci(0x17,0x0)\Sata(0x2,0x0,0x0)\HD(2,GPT,D55935D6-8701-4D68-AE5F-7E570D9705B3,0x64028,0x1BE83FB0)\VenMedia(BE74FCF7-0B7C-49F3-9147-01F4042E6842,8E515801081D05329E10E8B605F034A0)'
1:367  0:000    - LoaderPath: '<null string>'
1:367  0:000    - Guid = D55935D6-8701-4D68-AE5F-7E570D9705B3
1:367  0:000  === [ FindStartupDiskVolume ] =============================
1:367  0:000    - Volume: partition = PciRoot(0x0)\Pci(0x17,0x0)\Sata(0x2,0x0,0x0)\HD(2,GPT,D55935D6-8701-4D68-AE5F-7E570D9705B3,0x64028,0x1BE83FB0)\VenMedia(BE74FCF7-0B7C-49F3-9147-01F4042E6842,8E515801081D05329E10E8B605F034A0)
1:367  0:000     - searching for that partition
1:367  0:000      - found entry 2. 'Boot macOS from MacOS', Volume 'MacOS'
1:367  0:000  Boot redirected to Entry 2. 'Boot macOS from MacOS'
1:367  0:000  DefaultIndex=2 and MainMenu.EntryCount=10
2:400  1:033  GUI ready
